<?xml version="1.0" encoding="UTF-8"?>
<!-- Generated by org.testng.reporters.JUnitXMLReporter -->
<testsuite ignored="2" hostname="IB-L336V0FWVC" failures="0" tests="2" name="Test" time="19.792" errors="0" timestamp="2025-10-26T15:24:43 IST">
  <testcase classname="testscript.LoginTestCase" name="validateUserloginwithInvalidusernameinvalidpassword" time="0.32"/>
  <testcase classname="testscript.LoginTestCase" name="validateUserloginWithValidCredentials" time="0.719"/>
  <testcase classname="testscript.LoginTestCase" name="validateLoginwithUsernameValidPassword" time="0.0">
    <ignored/>
  </testcase> <!-- validateLoginwithUsernameValidPassword -->
  <testcase classname="testscript.LoginTestCase" name="validateLoginwithUsernameInvalidPassword" time="0.0">
    <ignored/>
  </testcase> <!-- validateLoginwithUsernameInvalidPassword -->
</testsuite> <!-- Test -->
