<?xml version="1.0" encoding="UTF-8"?>
<!-- Generated by org.testng.reporters.JUnitXMLReporter -->
<testsuite ignored="0" hostname="IB-L336V0FWVC" failures="0" tests="1" name="chromeTest" time="0.028" errors="0" timestamp="2025-10-26T15:25:57 IST">
  <testcase classname="login.TestNGBase" name="@BeforeMethod initializeBrowser" time="-1.761472557114E9">
    <failure type="org.testng.TestNGException" message="
Parameter &amp;apos;browsers&amp;apos; is required by BeforeMethod on method initializeBrowser but has not been marked @Optional or defined
in /Users/hvenugopalan/eclipse-workspace/Grocerydetails/crossBrowser.xml">
      <![CDATA[org.testng.TestNGException: 
Parameter 'browsers' is required by BeforeMethod on method initializeBrowser but has not been marked @Optional or defined
in /Users/hvenugopalan/eclipse-workspace/Grocerydetails/crossBrowser.xml
at java.base/java.util.ArrayList.forEach(ArrayList.java:1596)
... Removed 28 stack frames]]>
    </failure>
  </testcase> <!-- @BeforeMethod initializeBrowser -->
  <testcase classname="testscript.HomeTest" name="validateloginwithvalidcreds" time="0.0">
    <skipped/>
  </testcase> <!-- validateloginwithvalidcreds -->
</testsuite> <!-- chromeTest -->
