<?xml version="1.0" encoding="UTF-8"?>
<!-- Generated by org.testng.reporters.JUnitXMLReporter -->
<testsuite ignored="0" hostname="IB-L336V0FWVC" failures="0" tests="4" name="Test1" time="0.037" errors="0" timestamp="2025-10-26T15:25:34 IST">
  <testcase classname="login.TestNGBase" name="@BeforeMethod initializeBrowser" time="-1.76147253438E9">
    <failure type="org.testng.TestNGException" message="
Parameter &amp;apos;browsers&amp;apos; is required by BeforeMethod on method initializeBrowser but has not been marked @Optional or defined
in /Users/hvenugopalan/eclipse-workspace/Grocerydetails/multiBrowser.xml">
      <![CDATA[org.testng.TestNGException: 
Parameter 'browsers' is required by BeforeMethod on method initializeBrowser but has not been marked @Optional or defined
in /Users/hvenugopalan/eclipse-workspace/Grocerydetails/multiBrowser.xml
at java.base/java.util.concurrent.Executors$RunnableAdapter.call(Executors.java:572)
at java.base/java.util.concurrent.FutureTask.run(FutureTask.java:317)
at java.base/java.util.concurrent.ThreadPoolExecutor.runWorker(ThreadPoolExecutor.java:1144)
at java.base/java.util.concurrent.ThreadPoolExecutor$Worker.run(ThreadPoolExecutor.java:642)
at java.base/java.lang.Thread.run(Thread.java:1583)
... Removed 14 stack frames]]>
    </failure>
  </testcase> <!-- @BeforeMethod initializeBrowser -->
  <testcase classname="login.TestNGBase" name="@BeforeMethod initializeBrowser" time="-1.761472534392E9">
    <failure type="org.testng.TestNGException" message="
Parameter &amp;apos;browsers&amp;apos; is required by BeforeMethod on method initializeBrowser but has not been marked @Optional or defined
in /Users/hvenugopalan/eclipse-workspace/Grocerydetails/multiBrowser.xml">
      <![CDATA[org.testng.TestNGException: 
Parameter 'browsers' is required by BeforeMethod on method initializeBrowser but has not been marked @Optional or defined
in /Users/hvenugopalan/eclipse-workspace/Grocerydetails/multiBrowser.xml
at java.base/java.util.concurrent.Executors$RunnableAdapter.call(Executors.java:572)
at java.base/java.util.concurrent.FutureTask.run(FutureTask.java:317)
at java.base/java.util.concurrent.ThreadPoolExecutor.runWorker(ThreadPoolExecutor.java:1144)
at java.base/java.util.concurrent.ThreadPoolExecutor$Worker.run(ThreadPoolExecutor.java:642)
at java.base/java.lang.Thread.run(Thread.java:1583)
... Removed 14 stack frames]]>
    </failure>
  </testcase> <!-- @BeforeMethod initializeBrowser -->
  <testcase classname="login.TestNGBase" name="@BeforeMethod initializeBrowser" time="-1.761472534396E9">
    <failure type="org.testng.TestNGException" message="
Parameter &amp;apos;browsers&amp;apos; is required by BeforeMethod on method initializeBrowser but has not been marked @Optional or defined
in /Users/hvenugopalan/eclipse-workspace/Grocerydetails/multiBrowser.xml">
      <![CDATA[org.testng.TestNGException: 
Parameter 'browsers' is required by BeforeMethod on method initializeBrowser but has not been marked @Optional or defined
in /Users/hvenugopalan/eclipse-workspace/Grocerydetails/multiBrowser.xml
at java.base/java.util.concurrent.Executors$RunnableAdapter.call(Executors.java:572)
at java.base/java.util.concurrent.FutureTask.run(FutureTask.java:317)
at java.base/java.util.concurrent.ThreadPoolExecutor.runWorker(ThreadPoolExecutor.java:1144)
at java.base/java.util.concurrent.ThreadPoolExecutor$Worker.run(ThreadPoolExecutor.java:642)
at java.base/java.lang.Thread.run(Thread.java:1583)
... Removed 14 stack frames]]>
    </failure>
  </testcase> <!-- @BeforeMethod initializeBrowser -->
  <testcase classname="login.TestNGBase" name="@BeforeMethod initializeBrowser" time="-1.761472534398E9">
    <failure type="org.testng.TestNGException" message="
Parameter &amp;apos;browsers&amp;apos; is required by BeforeMethod on method initializeBrowser but has not been marked @Optional or defined
in /Users/hvenugopalan/eclipse-workspace/Grocerydetails/multiBrowser.xml">
      <![CDATA[org.testng.TestNGException: 
Parameter 'browsers' is required by BeforeMethod on method initializeBrowser but has not been marked @Optional or defined
in /Users/hvenugopalan/eclipse-workspace/Grocerydetails/multiBrowser.xml
at java.base/java.util.concurrent.Executors$RunnableAdapter.call(Executors.java:572)
at java.base/java.util.concurrent.FutureTask.run(FutureTask.java:317)
at java.base/java.util.concurrent.ThreadPoolExecutor.runWorker(ThreadPoolExecutor.java:1144)
at java.base/java.util.concurrent.ThreadPoolExecutor$Worker.run(ThreadPoolExecutor.java:642)
at java.base/java.lang.Thread.run(Thread.java:1583)
... Removed 14 stack frames]]>
    </failure>
  </testcase> <!-- @BeforeMethod initializeBrowser -->
  <testcase classname="testscript.LoginTestCase" name="validateLoginwithUsernameValidPassword" time="0.0">
    <skipped/>
  </testcase> <!-- validateLoginwithUsernameValidPassword -->
  <testcase classname="testscript.LoginTestCase" name="validateUserloginwithInvalidusernameinvalidpassword" time="0.0">
    <skipped/>
  </testcase> <!-- validateUserloginwithInvalidusernameinvalidpassword -->
  <testcase classname="testscript.LoginTestCase" name="validateUserloginWithValidCredentials" time="0.0">
    <skipped/>
  </testcase> <!-- validateUserloginWithValidCredentials -->
  <testcase classname="testscript.LoginTestCase" name="validateLoginwithUsernameInvalidPassword" time="0.0">
    <skipped/>
  </testcase> <!-- validateLoginwithUsernameInvalidPassword -->
</testsuite> <!-- Test1 -->
