<?xml version="1.0" encoding="UTF-8"?>
<testng-results ignored="0" total="1" passed="1" failed="0" skipped="0">
  <reporter-output>
  </reporter-output>
  <suite started-at="2025-10-30T20:19:44 IST" name="Suite" finished-at="2025-10-30T20:19:54 IST" duration-ms="9961">
    <groups>
    </groups>
    <test started-at="2025-10-30T20:19:44 IST" name="Test" finished-at="2025-10-30T20:19:54 IST" duration-ms="9961">
      <class name="testscript.HomeTest">
        <test-method is-config="true" signature="initializeBrowser(java.lang.String)[pri:0, instance:testscript.HomeTest@235ecd9f]" started-at="2025-10-30T20:19:44 IST" name="initializeBrowser" finished-at="2025-10-30T20:19:53 IST" duration-ms="9158" status="PASS">
          <params>
            <param index="0">
              <value>
                <![CDATA[firefox]]>
              </value>
            </param>
          </params>
          <reporter-output>
          </reporter-output>
        </test-method> <!-- initializeBrowser -->
        <test-method signature="validateloginwithvalidcreds()[pri:0, instance:testscript.HomeTest@235ecd9f]" started-at="2025-10-30T20:19:53 IST" name="validateloginwithvalidcreds" description="user is trying to login and logout from page" finished-at="2025-10-30T20:19:54 IST" duration-ms="789" status="PASS">
          <reporter-output>
          </reporter-output>
        </test-method> <!-- validateloginwithvalidcreds -->
        <test-method is-config="true" signature="ScreenshotUtility(org.testng.ITestResult)[pri:0, instance:testscript.HomeTest@235ecd9f]" started-at="2025-10-30T20:19:54 IST" name="ScreenshotUtility" finished-at="2025-10-30T20:19:54 IST" duration-ms="0" status="PASS">
          <params>
            <param index="0">
              <value>
                <![CDATA[[TestResult name=validateloginwithvalidcreds status=SUCCESS method=HomeTest.validateloginwithvalidcreds()[pri:0, instance:testscript.HomeTest@235ecd9f] output={null}]]]>
              </value>
            </param>
          </params>
          <reporter-output>
          </reporter-output>
        </test-method> <!-- ScreenshotUtility -->
      </class> <!-- testscript.HomeTest -->
    </test> <!-- Test -->
  </suite> <!-- Suite -->
</testng-results>
