<?xml version="1.0" encoding="UTF-8"?>
<!-- Generated by org.testng.reporters.JUnitReportReporter -->
<testsuite hostname="IB-L336V0FWVC" failures="0" tests="3" name="testscript.AdminUserTest" time="31.092" errors="0" timestamp="2025-10-26T21:20:09 IST" skipped="0">
  <testcase classname="testscript.AdminUserTest" name="resetuser" time="10.739"/>
  <testcase classname="testscript.AdminUserTest" name="resgisterNewUSer" time="10.290"/>
  <testcase classname="testscript.AdminUserTest" name="searchUserCreatedOrNot" time="10.063"/>
</testsuite> <!-- testscript.AdminUserTest -->
