<?xml version="1.0" encoding="UTF-8"?>
<!-- Generated by org.testng.reporters.JUnitReportReporter -->
<testsuite hostname="IB-L336V0FWVC" failures="0" tests="4" name="testscript.LoginTestCase" time="38.746" errors="0" timestamp="2025-10-26T21:30:00 IST" skipped="0">
  <testcase classname="testscript.LoginTestCase" name="validateUserloginwithInvalidusernameinvalidpassword" time="10.124"/>
  <testcase classname="testscript.LoginTestCase" name="validateLoginwithUsernameValidPassword" time="9.892"/>
  <testcase classname="testscript.LoginTestCase" name="validateUserloginWithValidCredentials" time="9.402"/>
  <testcase classname="testscript.LoginTestCase" name="validateLoginwithUsernameInvalidPassword" time="9.328"/>
</testsuite> <!-- testscript.LoginTestCase -->
