<?xml version="1.0" encoding="UTF-8"?>
<testng-results ignored="0" total="4" passed="4" failed="0" skipped="0">
  <reporter-output>
  </reporter-output>
  <suite started-at="2025-10-26T21:29:21 IST" name="Suite" finished-at="2025-10-26T21:30:00 IST" duration-ms="38768">
    <groups>
      <group name="smoke">
        <method signature="LoginTestCase.validateUserloginwithInvalidusernameinvalidpassword(java.lang.String,java.lang.String)[pri:0, instance:testscript.LoginTestCase@6cd24612]" name="validateUserloginwithInvalidusernameinvalidpassword" class="testscript.LoginTestCase"/>
        <method signature="LoginTestCase.validateUserloginWithValidCredentials()[pri:1, instance:testscript.LoginTestCase@6cd24612]" name="validateUserloginWithValidCredentials" class="testscript.LoginTestCase"/>
      </group> <!-- smoke -->
    </groups>
    <test started-at="2025-10-26T21:29:21 IST" name="Test" finished-at="2025-10-26T21:30:00 IST" duration-ms="38768">
      <class name="testscript.LoginTestCase">
        <test-method is-config="true" signature="initializeBrowser(java.lang.String)[pri:0, instance:testscript.LoginTestCase@6cd24612]" started-at="2025-10-26T21:29:21 IST" name="initializeBrowser" finished-at="2025-10-26T21:29:31 IST" duration-ms="9821" status="PASS">
          <params>
            <param index="0">
              <value>
                <![CDATA[firefox]]>
              </value>
            </param>
          </params>
          <reporter-output>
          </reporter-output>
        </test-method> <!-- initializeBrowser -->
        <test-method signature="validateLoginwithUsernameValidPassword()[pri:0, instance:testscript.LoginTestCase@6cd24612]" started-at="2025-10-26T21:29:31 IST" name="validateLoginwithUsernameValidPassword" description="user is trying to login with invalid username and valid password" finished-at="2025-10-26T21:29:32 IST" duration-ms="567" status="PASS">
          <reporter-output>
          </reporter-output>
        </test-method> <!-- validateLoginwithUsernameValidPassword -->
        <test-method is-config="true" signature="ScrrenshotUtility(org.testng.ITestResult)[pri:0, instance:testscript.LoginTestCase@6cd24612]" started-at="2025-10-26T21:29:32 IST" name="ScrrenshotUtility" finished-at="2025-10-26T21:29:32 IST" duration-ms="0" status="PASS">
          <params>
            <param index="0">
              <value>
                <![CDATA[[TestResult name=validateLoginwithUsernameValidPassword status=SUCCESS method=LoginTestCase.validateLoginwithUsernameValidPassword()[pri:0, instance:testscript.LoginTestCase@6cd24612] output={null}]]]>
              </value>
            </param>
          </params>
          <reporter-output>
          </reporter-output>
        </test-method> <!-- ScrrenshotUtility -->
        <test-method is-config="true" signature="initializeBrowser(java.lang.String)[pri:0, instance:testscript.LoginTestCase@6cd24612]" started-at="2025-10-26T21:29:32 IST" name="initializeBrowser" finished-at="2025-10-26T21:29:41 IST" duration-ms="8900" status="PASS">
          <params>
            <param index="0">
              <value>
                <![CDATA[firefox]]>
              </value>
            </param>
          </params>
          <reporter-output>
          </reporter-output>
        </test-method> <!-- initializeBrowser -->
        <test-method signature="validateUserloginwithInvalidusernameinvalidpassword(java.lang.String,java.lang.String)[pri:0, instance:testscript.LoginTestCase@6cd24612]" started-at="2025-10-26T21:29:41 IST" name="validateUserloginwithInvalidusernameinvalidpassword" description="user is logining with invalid username and invalid password" data-provider="loginProvider" finished-at="2025-10-26T21:29:41 IST" duration-ms="303" status="PASS">
          <params>
            <param index="0">
              <value>
                <![CDATA[admin]]>
              </value>
            </param>
            <param index="1">
              <value>
                <![CDATA[admin22]]>
              </value>
            </param>
          </params>
          <reporter-output>
          </reporter-output>
        </test-method> <!-- validateUserloginwithInvalidusernameinvalidpassword -->
        <test-method is-config="true" signature="ScrrenshotUtility(org.testng.ITestResult)[pri:0, instance:testscript.LoginTestCase@6cd24612]" started-at="2025-10-26T21:29:41 IST" name="ScrrenshotUtility" finished-at="2025-10-26T21:29:41 IST" duration-ms="0" status="PASS">
          <params>
            <param index="0">
              <value>
                <![CDATA[[TestResult name=validateUserloginwithInvalidusernameinvalidpassword status=SUCCESS method=LoginTestCase.validateUserloginwithInvalidusernameinvalidpassword(java.lang.String,java.lang.String)[pri:0, instance:testscript.LoginTestCase@6cd24612] output={null}]]]>
              </value>
            </param>
          </params>
          <reporter-output>
          </reporter-output>
        </test-method> <!-- ScrrenshotUtility -->
        <test-method is-config="true" signature="initializeBrowser(java.lang.String)[pri:0, instance:testscript.LoginTestCase@6cd24612]" started-at="2025-10-26T21:29:41 IST" name="initializeBrowser" finished-at="2025-10-26T21:29:50 IST" duration-ms="9019" status="PASS">
          <params>
            <param index="0">
              <value>
                <![CDATA[firefox]]>
              </value>
            </param>
          </params>
          <reporter-output>
          </reporter-output>
        </test-method> <!-- initializeBrowser -->
        <test-method signature="validateUserloginWithValidCredentials()[pri:1, instance:testscript.LoginTestCase@6cd24612]" started-at="2025-10-26T21:29:50 IST" name="validateUserloginWithValidCredentials" description="user is trying to login with valid creds" finished-at="2025-10-26T21:29:50 IST" duration-ms="502" status="PASS">
          <reporter-output>
          </reporter-output>
        </test-method> <!-- validateUserloginWithValidCredentials -->
        <test-method is-config="true" signature="ScrrenshotUtility(org.testng.ITestResult)[pri:0, instance:testscript.LoginTestCase@6cd24612]" started-at="2025-10-26T21:29:50 IST" name="ScrrenshotUtility" finished-at="2025-10-26T21:29:50 IST" duration-ms="0" status="PASS">
          <params>
            <param index="0">
              <value>
                <![CDATA[[TestResult name=validateUserloginWithValidCredentials status=SUCCESS method=LoginTestCase.validateUserloginWithValidCredentials()[pri:1, instance:testscript.LoginTestCase@6cd24612] output={null}]]]>
              </value>
            </param>
          </params>
          <reporter-output>
          </reporter-output>
        </test-method> <!-- ScrrenshotUtility -->
        <test-method is-config="true" signature="initializeBrowser(java.lang.String)[pri:0, instance:testscript.LoginTestCase@6cd24612]" started-at="2025-10-26T21:29:50 IST" name="initializeBrowser" finished-at="2025-10-26T21:30:00 IST" duration-ms="9325" status="PASS">
          <params>
            <param index="0">
              <value>
                <![CDATA[firefox]]>
              </value>
            </param>
          </params>
          <reporter-output>
          </reporter-output>
        </test-method> <!-- initializeBrowser -->
        <test-method signature="validateLoginwithUsernameInvalidPassword()[pri:2, instance:testscript.LoginTestCase@6cd24612]" started-at="2025-10-26T21:30:00 IST" name="validateLoginwithUsernameInvalidPassword" description="USer is trying to login with valid username and invalid password" finished-at="2025-10-26T21:30:00 IST" duration-ms="309" status="PASS">
          <reporter-output>
          </reporter-output>
        </test-method> <!-- validateLoginwithUsernameInvalidPassword -->
        <test-method is-config="true" signature="ScrrenshotUtility(org.testng.ITestResult)[pri:0, instance:testscript.LoginTestCase@6cd24612]" started-at="2025-10-26T21:30:00 IST" name="ScrrenshotUtility" finished-at="2025-10-26T21:30:00 IST" duration-ms="0" status="PASS">
          <params>
            <param index="0">
              <value>
                <![CDATA[[TestResult name=validateLoginwithUsernameInvalidPassword status=SUCCESS method=LoginTestCase.validateLoginwithUsernameInvalidPassword()[pri:2, instance:testscript.LoginTestCase@6cd24612] output={null}]]]>
              </value>
            </param>
          </params>
          <reporter-output>
          </reporter-output>
        </test-method> <!-- ScrrenshotUtility -->
      </class> <!-- testscript.LoginTestCase -->
    </test> <!-- Test -->
  </suite> <!-- Suite -->
</testng-results>
