<?xml version="1.0" encoding="UTF-8"?>
<!-- Generated by org.testng.reporters.JUnitXMLReporter -->
<testsuite ignored="0" hostname="IB-L336V0FWVC" failures="0" tests="4" name="Test" time="38.768" errors="0" timestamp="2025-10-26T21:30:00 IST">
  <testcase classname="testscript.LoginTestCase" name="validateLoginwithUsernameValidPassword" time="0.567"/>
  <testcase classname="testscript.LoginTestCase" name="validateUserloginwithInvalidusernameinvalidpassword" time="0.303"/>
  <testcase classname="testscript.LoginTestCase" name="validateUserloginWithValidCredentials" time="0.502"/>
  <testcase classname="testscript.LoginTestCase" name="validateLoginwithUsernameInvalidPassword" time="0.309"/>
</testsuite> <!-- Test -->
